0 info it worked if it ends with ok
1 verbose cli [ '/home/ec2-user/.nvm/versions/node/v6.14.2/bin/node',
1 verbose cli   '/home/ec2-user/.nvm/versions/node/v6.14.2/bin/npm',
1 verbose cli   'run',
1 verbose cli   'compile:sass' ]
2 info using npm@3.10.10
3 info using node@v6.14.2
4 verbose run-script [ 'precompile:sass', 'compile:sass', 'postcompile:sass' ]
5 info lifecycle onlinefair@1.0.0~precompile:sass: onlinefair@1.0.0
6 silly lifecycle onlinefair@1.0.0~precompile:sass: no script for precompile:sass, continuing
7 info lifecycle onlinefair@1.0.0~compile:sass: onlinefair@1.0.0
8 verbose lifecycle onlinefair@1.0.0~compile:sass: unsafe-perm in lifecycle true
9 verbose lifecycle onlinefair@1.0.0~compile:sass: PATH: /home/ec2-user/.nvm/versions/node/v6.14.2/lib/node_modules/npm/bin/node-gyp-bin:/home/ec2-user/environment/mbsx/node_modules/.bin:/home/ec2-user/.nvm/versions/node/v6.14.2/bin:/usr/local/rvm/gems/ruby-2.4.1/bin:/usr/local/rvm/gems/ruby-2.4.1@global/bin:/usr/local/rvm/rubies/ruby-2.4.1/bin:/usr/local/bin:/bin:/usr/bin:/home/ec2-user/.local/bin:/home/ec2-user/bin:/usr/local/sbin:/usr/sbin:/sbin:/opt/aws/bin:/home/ec2-user/.local/bin:/home/ec2-user/bin:/home/ec2-user/.local/bin:/home/ec2-user/bin:/opt/aws/bin:/usr/local/rvm/bin:/home/ec2-user/.local/bin:/home/ec2-user/bin:/home/ec2-user/.local/bin:/home/ec2-user/bin
10 verbose lifecycle onlinefair@1.0.0~compile:sass: CWD: /home/ec2-user/environment/mbsx
11 silly lifecycle onlinefair@1.0.0~compile:sass: Args: [ '-c',
11 silly lifecycle   'node-sass sass/main.scss public/stylesheets/landing.css -w' ]
12 silly lifecycle onlinefair@1.0.0~compile:sass: Returned: code: 1  signal: null
13 info lifecycle onlinefair@1.0.0~compile:sass: Failed to exec compile:sass script
14 verbose stack Error: onlinefair@1.0.0 compile:sass: `node-sass sass/main.scss public/stylesheets/landing.css -w`
14 verbose stack Exit status 1
14 verbose stack     at EventEmitter.<anonymous> (/home/ec2-user/.nvm/versions/node/v6.14.2/lib/node_modules/npm/lib/utils/lifecycle.js:255:16)
14 verbose stack     at emitTwo (events.js:106:13)
14 verbose stack     at EventEmitter.emit (events.js:191:7)
14 verbose stack     at ChildProcess.<anonymous> (/home/ec2-user/.nvm/versions/node/v6.14.2/lib/node_modules/npm/lib/utils/spawn.js:40:14)
14 verbose stack     at emitTwo (events.js:106:13)
14 verbose stack     at ChildProcess.emit (events.js:191:7)
14 verbose stack     at maybeClose (internal/child_process.js:920:16)
14 verbose stack     at Process.ChildProcess._handle.onexit (internal/child_process.js:230:5)
15 verbose pkgid onlinefair@1.0.0
16 verbose cwd /home/ec2-user/environment/mbsx
17 error Linux 4.14.33-51.37.amzn1.x86_64
18 error argv "/home/ec2-user/.nvm/versions/node/v6.14.2/bin/node" "/home/ec2-user/.nvm/versions/node/v6.14.2/bin/npm" "run" "compile:sass"
19 error node v6.14.2
20 error npm  v3.10.10
21 error code ELIFECYCLE
22 error onlinefair@1.0.0 compile:sass: `node-sass sass/main.scss public/stylesheets/landing.css -w`
22 error Exit status 1
23 error Failed at the onlinefair@1.0.0 compile:sass script 'node-sass sass/main.scss public/stylesheets/landing.css -w'.
23 error Make sure you have the latest version of node.js and npm installed.
23 error If you do, this is most likely a problem with the onlinefair package,
23 error not with npm itself.
23 error Tell the author that this fails on your system:
23 error     node-sass sass/main.scss public/stylesheets/landing.css -w
23 error You can get information on how to open an issue for this project with:
23 error     npm bugs onlinefair
23 error Or if that isn't available, you can get their info via:
23 error     npm owner ls onlinefair
23 error There is likely additional logging output above.
24 verbose exit [ 1, true ]
